<?xml version="1.0" encoding="UTF-8"?>
<testsuite xmlns:xsi="http://www.w3.org/2001/XMLSchema-instance" xsi:noNamespaceSchemaLocation="https://maven.apache.org/surefire/maven-surefire-plugin/xsd/surefire-test-report-3.0.xsd" version="3.0" name="DegreeClassifierTest" time="0.338" tests="5" errors="0" skipped="0" failures="0">
  <properties>
[...]
</properties>
  <testcase name="testNoHonours" classname="DegreeClassifierTest" time="0.164"/>
  <testcase name="testThirdClass" classname="DegreeClassifierTest" time="0.007"/>
  <testcase name="testFirstClass" classname="DegreeClassifierTest" time="0.003"/>
  <testcase name="testLowerSecondClass" classname="DegreeClassifierTest" time="0.003"/>
  <testcase name="testUpperSecondClass" classname="DegreeClassifierTest" time="0.003"/>
</testsuite>